[13-Jun-2019 10:30:20] INFO [ecommerce_api.views:150] <QuerySet [{'order_id': '485cd5f2-8db5-11e9-a4a0-80a58985686f', 'price': 300, 'date': datetime.date(2019, 6, 13)}, {'order_id': 'e6e5f8e8-8dbf-11e9-a4a0-80a58985686f', 'price': 800, 'date': datetime.date(2019, 6, 13)}, {'order_id': '578c88b4-8dc0-11e9-a4a0-80a58985686f', 'price': 1350, 'date': datetime.date(2019, 6, 13)}, {'order_id': 'f8e2f9aa-8dc0-11e9-a4a0-80a58985686f', 'price': 800, 'date': datetime.date(2019, 6, 13)}, {'order_id': '5e93227a-8dc1-11e9-a4a0-80a58985686f', 'price': 300, 'date': datetime.date(2019, 6, 13)}, {'order_id': 'cb65d64a-8dc1-11e9-a4a0-80a58985686f', 'price': 900, 'date': datetime.date(2019, 6, 13)}]>
[13-Jun-2019 10:30:22] INFO [ecommerce_api.views:180] <QuerySet [<Orders: 485cd5f2-8db5-11e9-a4a0-80a58985686f>]>
[13-Jun-2019 10:31:07] INFO [ecommerce_api.views:150] <QuerySet [{'order_id': '485cd5f2-8db5-11e9-a4a0-80a58985686f', 'price': 300, 'date': datetime.date(2019, 6, 13)}, {'order_id': 'e6e5f8e8-8dbf-11e9-a4a0-80a58985686f', 'price': 800, 'date': datetime.date(2019, 6, 13)}, {'order_id': '578c88b4-8dc0-11e9-a4a0-80a58985686f', 'price': 1350, 'date': datetime.date(2019, 6, 13)}, {'order_id': 'f8e2f9aa-8dc0-11e9-a4a0-80a58985686f', 'price': 800, 'date': datetime.date(2019, 6, 13)}, {'order_id': '5e93227a-8dc1-11e9-a4a0-80a58985686f', 'price': 300, 'date': datetime.date(2019, 6, 13)}, {'order_id': 'cb65d64a-8dc1-11e9-a4a0-80a58985686f', 'price': 900, 'date': datetime.date(2019, 6, 13)}]>
[13-Jun-2019 10:31:12] INFO [ecommerce_api.views:180] <QuerySet [<Orders: 485cd5f2-8db5-11e9-a4a0-80a58985686f>]>
[13-Jun-2019 10:31:12] INFO [ecommerce_api.views:189] {'item_id': '2', 'item_name': 'Mango', 'item_price': 150, 'item_image': <ImageFieldFile: item_image/mango.jpeg>, 'count': 2}
[13-Jun-2019 10:32:13] INFO [ecommerce_api.views:180] <QuerySet [<Orders: 485cd5f2-8db5-11e9-a4a0-80a58985686f>]>
[13-Jun-2019 10:32:13] INFO [ecommerce_api.views:189] {'item_id': '2', 'item_name': 'Mango', 'item_price': 150, 'item_image': <ImageFieldFile: item_image/mango.jpeg>, 'count': 2}
[13-Jun-2019 10:32:30] INFO [ecommerce_api.views:150] <QuerySet [{'order_id': '485cd5f2-8db5-11e9-a4a0-80a58985686f', 'price': 300, 'date': datetime.date(2019, 6, 13)}, {'order_id': 'e6e5f8e8-8dbf-11e9-a4a0-80a58985686f', 'price': 800, 'date': datetime.date(2019, 6, 13)}, {'order_id': '578c88b4-8dc0-11e9-a4a0-80a58985686f', 'price': 1350, 'date': datetime.date(2019, 6, 13)}, {'order_id': 'f8e2f9aa-8dc0-11e9-a4a0-80a58985686f', 'price': 800, 'date': datetime.date(2019, 6, 13)}, {'order_id': '5e93227a-8dc1-11e9-a4a0-80a58985686f', 'price': 300, 'date': datetime.date(2019, 6, 13)}, {'order_id': 'cb65d64a-8dc1-11e9-a4a0-80a58985686f', 'price': 900, 'date': datetime.date(2019, 6, 13)}]>
[13-Jun-2019 10:32:32] INFO [ecommerce_api.views:180] <QuerySet [<Orders: 485cd5f2-8db5-11e9-a4a0-80a58985686f>]>
[13-Jun-2019 10:32:32] INFO [ecommerce_api.views:189] {'item_id': '2', 'item_name': 'Mango', 'item_price': 150, 'item_image': <ImageFieldFile: item_image/mango.jpeg>, 'count': 2}
[13-Jun-2019 10:32:34] INFO [ecommerce_api.views:180] <QuerySet [<Orders: 578c88b4-8dc0-11e9-a4a0-80a58985686f>]>
[13-Jun-2019 10:32:34] INFO [ecommerce_api.views:189] {'item_id': '2', 'item_name': 'Mango', 'item_price': 150, 'item_image': <ImageFieldFile: item_image/mango.jpeg>, 'count': 9}
[13-Jun-2019 10:34:02] INFO [ecommerce_api.views:180] <QuerySet [<Orders: 578c88b4-8dc0-11e9-a4a0-80a58985686f>]>
[13-Jun-2019 10:34:02] INFO [ecommerce_api.views:189] {'item_id': '2', 'item_name': 'Mango', 'item_price': 150, 'item_image': <ImageFieldFile: item_image/mango.jpeg>, 'count': 9}
[13-Jun-2019 10:34:02] INFO [ecommerce_api.views:193] {'status': 200, 'orders': [{'item_id': '2', 'item_name': 'Mango', 'item_price': 150, 'item_image': <ImageFieldFile: item_image/mango.jpeg>, 'count': 9}]}
[13-Jun-2019 10:34:54] INFO [ecommerce_api.views:180] <QuerySet [<Orders: 578c88b4-8dc0-11e9-a4a0-80a58985686f>]>
[13-Jun-2019 10:34:54] INFO [ecommerce_api.views:189] {'item_id': '2', 'item_name': 'Mango', 'item_price': 150, 'item_image': '/media/item_image/mango.jpeg', 'count': 9}
[13-Jun-2019 10:34:54] INFO [ecommerce_api.views:193] {'status': 200, 'orders': [{'item_id': '2', 'item_name': 'Mango', 'item_price': 150, 'item_image': '/media/item_image/mango.jpeg', 'count': 9}]}
[13-Jun-2019 10:35:33] INFO [ecommerce_api.views:150] <QuerySet [{'order_id': '485cd5f2-8db5-11e9-a4a0-80a58985686f', 'price': 300, 'date': datetime.date(2019, 6, 13)}, {'order_id': 'e6e5f8e8-8dbf-11e9-a4a0-80a58985686f', 'price': 800, 'date': datetime.date(2019, 6, 13)}, {'order_id': '578c88b4-8dc0-11e9-a4a0-80a58985686f', 'price': 1350, 'date': datetime.date(2019, 6, 13)}, {'order_id': 'f8e2f9aa-8dc0-11e9-a4a0-80a58985686f', 'price': 800, 'date': datetime.date(2019, 6, 13)}, {'order_id': '5e93227a-8dc1-11e9-a4a0-80a58985686f', 'price': 300, 'date': datetime.date(2019, 6, 13)}, {'order_id': 'cb65d64a-8dc1-11e9-a4a0-80a58985686f', 'price': 900, 'date': datetime.date(2019, 6, 13)}]>
[13-Jun-2019 10:35:34] INFO [ecommerce_api.views:180] <QuerySet [<Orders: 485cd5f2-8db5-11e9-a4a0-80a58985686f>]>
[13-Jun-2019 10:35:34] INFO [ecommerce_api.views:189] {'item_id': '2', 'item_name': 'Mango', 'item_price': 150, 'item_image': '/media/item_image/mango.jpeg', 'count': 2}
[13-Jun-2019 10:35:34] INFO [ecommerce_api.views:193] {'status': 200, 'orders': [{'item_id': '2', 'item_name': 'Mango', 'item_price': 150, 'item_image': '/media/item_image/mango.jpeg', 'count': 2}]}
[13-Jun-2019 10:36:29] INFO [ecommerce_api.views:180] <QuerySet [<Orders: e6e5f8e8-8dbf-11e9-a4a0-80a58985686f>]>
[13-Jun-2019 10:36:29] INFO [ecommerce_api.views:189] {'item_id': '3', 'item_name': 'Mango', 'item_price': 200, 'item_image': '/media/item_image/mango_DIqMFdv.jpeg', 'count': 4}
[13-Jun-2019 10:36:29] INFO [ecommerce_api.views:193] {'status': 200, 'orders': [{'item_id': '3', 'item_name': 'Mango', 'item_price': 200, 'item_image': '/media/item_image/mango_DIqMFdv.jpeg', 'count': 4}]}
[13-Jun-2019 10:37:38] INFO [ecommerce_api.views:150] <QuerySet [{'order_id': '485cd5f2-8db5-11e9-a4a0-80a58985686f', 'price': 300, 'date': datetime.date(2019, 6, 13)}, {'order_id': 'e6e5f8e8-8dbf-11e9-a4a0-80a58985686f', 'price': 800, 'date': datetime.date(2019, 6, 13)}, {'order_id': '578c88b4-8dc0-11e9-a4a0-80a58985686f', 'price': 1350, 'date': datetime.date(2019, 6, 13)}, {'order_id': 'f8e2f9aa-8dc0-11e9-a4a0-80a58985686f', 'price': 800, 'date': datetime.date(2019, 6, 13)}, {'order_id': '5e93227a-8dc1-11e9-a4a0-80a58985686f', 'price': 300, 'date': datetime.date(2019, 6, 13)}, {'order_id': 'cb65d64a-8dc1-11e9-a4a0-80a58985686f', 'price': 900, 'date': datetime.date(2019, 6, 13)}]>
[13-Jun-2019 10:37:40] INFO [ecommerce_api.views:180] <QuerySet [<Orders: 485cd5f2-8db5-11e9-a4a0-80a58985686f>]>
[13-Jun-2019 10:37:40] INFO [ecommerce_api.views:189] {'item_id': '2', 'item_name': 'Mango', 'item_price': 150, 'item_image': '/media/item_image/mango.jpeg', 'count': 2}
[13-Jun-2019 10:37:40] INFO [ecommerce_api.views:193] {'status': 200, 'orders': [{'item_id': '2', 'item_name': 'Mango', 'item_price': 150, 'item_image': '/media/item_image/mango.jpeg', 'count': 2}]}
[13-Jun-2019 10:44:21] INFO [ecommerce_api.views:150] <QuerySet [{'order_id': '485cd5f2-8db5-11e9-a4a0-80a58985686f', 'price': 300, 'date': datetime.date(2019, 6, 13)}, {'order_id': 'e6e5f8e8-8dbf-11e9-a4a0-80a58985686f', 'price': 800, 'date': datetime.date(2019, 6, 13)}, {'order_id': '578c88b4-8dc0-11e9-a4a0-80a58985686f', 'price': 1350, 'date': datetime.date(2019, 6, 13)}, {'order_id': 'f8e2f9aa-8dc0-11e9-a4a0-80a58985686f', 'price': 800, 'date': datetime.date(2019, 6, 13)}, {'order_id': '5e93227a-8dc1-11e9-a4a0-80a58985686f', 'price': 300, 'date': datetime.date(2019, 6, 13)}, {'order_id': 'cb65d64a-8dc1-11e9-a4a0-80a58985686f', 'price': 900, 'date': datetime.date(2019, 6, 13)}]>
[13-Jun-2019 10:44:22] INFO [ecommerce_api.views:180] <QuerySet [<Orders: 485cd5f2-8db5-11e9-a4a0-80a58985686f>]>
[13-Jun-2019 10:44:22] INFO [ecommerce_api.views:189] {'item_id': '2', 'item_name': 'Mango', 'item_price': 150, 'item_image': '/media/item_image/mango.jpeg', 'count': 2}
[13-Jun-2019 10:44:22] INFO [ecommerce_api.views:193] {'status': 200, 'orders': [{'item_id': '2', 'item_name': 'Mango', 'item_price': 150, 'item_image': '/media/item_image/mango.jpeg', 'count': 2}]}
[13-Jun-2019 10:45:17] INFO [ecommerce_api.views:150] <QuerySet [{'order_id': '485cd5f2-8db5-11e9-a4a0-80a58985686f', 'price': 300, 'date': datetime.date(2019, 6, 13)}, {'order_id': 'e6e5f8e8-8dbf-11e9-a4a0-80a58985686f', 'price': 800, 'date': datetime.date(2019, 6, 13)}, {'order_id': '578c88b4-8dc0-11e9-a4a0-80a58985686f', 'price': 1350, 'date': datetime.date(2019, 6, 13)}, {'order_id': 'f8e2f9aa-8dc0-11e9-a4a0-80a58985686f', 'price': 800, 'date': datetime.date(2019, 6, 13)}, {'order_id': '5e93227a-8dc1-11e9-a4a0-80a58985686f', 'price': 300, 'date': datetime.date(2019, 6, 13)}, {'order_id': 'cb65d64a-8dc1-11e9-a4a0-80a58985686f', 'price': 900, 'date': datetime.date(2019, 6, 13)}]>
[13-Jun-2019 10:45:18] INFO [ecommerce_api.views:180] <QuerySet [<Orders: e6e5f8e8-8dbf-11e9-a4a0-80a58985686f>]>
[13-Jun-2019 10:45:18] INFO [ecommerce_api.views:189] {'item_id': '3', 'item_name': 'Mango', 'item_price': 200, 'item_image': '/media/item_image/mango_DIqMFdv.jpeg', 'count': 4}
[13-Jun-2019 10:45:18] INFO [ecommerce_api.views:193] {'status': 200, 'orders': [{'item_id': '3', 'item_name': 'Mango', 'item_price': 200, 'item_image': '/media/item_image/mango_DIqMFdv.jpeg', 'count': 4}]}
[13-Jun-2019 10:45:25] INFO [ecommerce_api.views:180] <QuerySet [<Orders: 578c88b4-8dc0-11e9-a4a0-80a58985686f>]>
[13-Jun-2019 10:45:25] INFO [ecommerce_api.views:189] {'item_id': '2', 'item_name': 'Mango', 'item_price': 150, 'item_image': '/media/item_image/mango.jpeg', 'count': 9}
[13-Jun-2019 10:45:25] INFO [ecommerce_api.views:193] {'status': 200, 'orders': [{'item_id': '2', 'item_name': 'Mango', 'item_price': 150, 'item_image': '/media/item_image/mango.jpeg', 'count': 9}]}
[13-Jun-2019 10:45:28] INFO [ecommerce_api.views:180] <QuerySet [<Orders: 5e93227a-8dc1-11e9-a4a0-80a58985686f>]>
[13-Jun-2019 10:45:28] INFO [ecommerce_api.views:189] {'item_id': '2', 'item_name': 'Mango', 'item_price': 150, 'item_image': '/media/item_image/mango.jpeg', 'count': 2}
[13-Jun-2019 10:45:28] INFO [ecommerce_api.views:193] {'status': 200, 'orders': [{'item_id': '2', 'item_name': 'Mango', 'item_price': 150, 'item_image': '/media/item_image/mango.jpeg', 'count': 2}]}
[13-Jun-2019 10:45:32] INFO [ecommerce_api.views:180] <QuerySet [<Orders: cb65d64a-8dc1-11e9-a4a0-80a58985686f>]>
[13-Jun-2019 10:45:32] INFO [ecommerce_api.views:189] {'item_id': '2', 'item_name': 'Mango', 'item_price': 150, 'item_image': '/media/item_image/mango.jpeg', 'count': 6}
[13-Jun-2019 10:45:32] INFO [ecommerce_api.views:193] {'status': 200, 'orders': [{'item_id': '2', 'item_name': 'Mango', 'item_price': 150, 'item_image': '/media/item_image/mango.jpeg', 'count': 6}]}
[13-Jun-2019 10:46:20] INFO [ecommerce_api.views:180] <QuerySet [<Orders: cb65d64a-8dc1-11e9-a4a0-80a58985686f>]>
[13-Jun-2019 10:46:20] INFO [ecommerce_api.views:189] {'item_id': '2', 'item_name': 'Mango', 'item_price': 150, 'item_image': '/media/item_image/mango.jpeg', 'count': 6}
[13-Jun-2019 10:46:20] INFO [ecommerce_api.views:193] {'status': 200, 'orders': [{'item_id': '2', 'item_name': 'Mango', 'item_price': 150, 'item_image': '/media/item_image/mango.jpeg', 'count': 6}]}
[13-Jun-2019 10:46:25] INFO [ecommerce_api.views:180] <QuerySet [<Orders: 5e93227a-8dc1-11e9-a4a0-80a58985686f>]>
[13-Jun-2019 10:46:25] INFO [ecommerce_api.views:189] {'item_id': '2', 'item_name': 'Mango', 'item_price': 150, 'item_image': '/media/item_image/mango.jpeg', 'count': 2}
[13-Jun-2019 10:46:25] INFO [ecommerce_api.views:193] {'status': 200, 'orders': [{'item_id': '2', 'item_name': 'Mango', 'item_price': 150, 'item_image': '/media/item_image/mango.jpeg', 'count': 2}]}
[13-Jun-2019 10:46:31] INFO [ecommerce_api.views:180] <QuerySet [<Orders: e6e5f8e8-8dbf-11e9-a4a0-80a58985686f>]>
[13-Jun-2019 10:46:31] INFO [ecommerce_api.views:189] {'item_id': '3', 'item_name': 'Mango', 'item_price': 200, 'item_image': '/media/item_image/mango_DIqMFdv.jpeg', 'count': 4}
[13-Jun-2019 10:46:31] INFO [ecommerce_api.views:193] {'status': 200, 'orders': [{'item_id': '3', 'item_name': 'Mango', 'item_price': 200, 'item_image': '/media/item_image/mango_DIqMFdv.jpeg', 'count': 4}]}
[13-Jun-2019 10:46:51] INFO [ecommerce_api.views:180] <QuerySet [<Orders: 485cd5f2-8db5-11e9-a4a0-80a58985686f>]>
[13-Jun-2019 10:46:51] INFO [ecommerce_api.views:189] {'item_id': '2', 'item_name': 'Mango', 'item_price': 150, 'item_image': '/media/item_image/mango.jpeg', 'count': 2}
[13-Jun-2019 10:46:51] INFO [ecommerce_api.views:193] {'status': 200, 'orders': [{'item_id': '2', 'item_name': 'Mango', 'item_price': 150, 'item_image': '/media/item_image/mango.jpeg', 'count': 2}]}
[13-Jun-2019 10:47:21] INFO [ecommerce_api.views:101] [{'item_id': '3', 'qty': 7, 'seller_id': '2'}]
[13-Jun-2019 10:47:21] INFO [ecommerce_api.views:104] 2
[13-Jun-2019 10:47:21] INFO [ecommerce_api.views:107] user_id: 1
[13-Jun-2019 10:47:21] INFO [ecommerce_api.views:108] item_id: 3
[13-Jun-2019 10:47:21] INFO [ecommerce_api.views:109] quantity: 7
[13-Jun-2019 10:47:21] INFO [ecommerce_api.views:110] price: 1400
[13-Jun-2019 10:47:36] INFO [ecommerce_api.views:180] <QuerySet [<Orders: cb65d64a-8dc1-11e9-a4a0-80a58985686f>]>
[13-Jun-2019 10:47:36] INFO [ecommerce_api.views:189] {'item_id': '2', 'item_name': 'Mango', 'item_price': 150, 'item_image': '/media/item_image/mango.jpeg', 'count': 6}
[13-Jun-2019 10:47:36] INFO [ecommerce_api.views:193] {'status': 200, 'orders': [{'item_id': '2', 'item_name': 'Mango', 'item_price': 150, 'item_image': '/media/item_image/mango.jpeg', 'count': 6}]}
[13-Jun-2019 10:54:23] INFO [ecommerce_api.views:101] [{'item_id': '2', 'qty': 4, 'seller_id': '1'}]
[13-Jun-2019 10:54:23] INFO [ecommerce_api.views:104] 1
[13-Jun-2019 10:54:23] INFO [ecommerce_api.views:107] user_id: 1
[13-Jun-2019 10:54:23] INFO [ecommerce_api.views:108] item_id: 2
[13-Jun-2019 10:54:23] INFO [ecommerce_api.views:109] quantity: 4
[13-Jun-2019 10:54:23] INFO [ecommerce_api.views:110] price: 600
[13-Jun-2019 10:55:41] INFO [ecommerce_api.views:150] <QuerySet [{'order_id': '485cd5f2-8db5-11e9-a4a0-80a58985686f', 'price': 300, 'date': datetime.date(2019, 6, 13)}, {'order_id': 'e6e5f8e8-8dbf-11e9-a4a0-80a58985686f', 'price': 800, 'date': datetime.date(2019, 6, 13)}, {'order_id': '578c88b4-8dc0-11e9-a4a0-80a58985686f', 'price': 1350, 'date': datetime.date(2019, 6, 13)}, {'order_id': 'f8e2f9aa-8dc0-11e9-a4a0-80a58985686f', 'price': 800, 'date': datetime.date(2019, 6, 13)}, {'order_id': '5e93227a-8dc1-11e9-a4a0-80a58985686f', 'price': 300, 'date': datetime.date(2019, 6, 13)}, {'order_id': 'cb65d64a-8dc1-11e9-a4a0-80a58985686f', 'price': 900, 'date': datetime.date(2019, 6, 13)}, {'order_id': '9eef588c-8dc8-11e9-a4a0-80a58985686f', 'price': 1400, 'date': datetime.date(2019, 6, 13)}, {'order_id': '9aa05aa0-8dc9-11e9-a4a0-80a58985686f', 'price': 600, 'date': datetime.date(2019, 6, 13)}]>
[13-Jun-2019 10:56:00] INFO [ecommerce_api.views:101] [{'item_id': '2', 'qty': 2, 'seller_id': '1'}]
[13-Jun-2019 10:56:00] INFO [ecommerce_api.views:104] 1
[13-Jun-2019 10:56:00] INFO [ecommerce_api.views:107] user_id: 1
[13-Jun-2019 10:56:00] INFO [ecommerce_api.views:108] item_id: 2
[13-Jun-2019 10:56:00] INFO [ecommerce_api.views:109] quantity: 2
[13-Jun-2019 10:56:00] INFO [ecommerce_api.views:110] price: 300
[13-Jun-2019 10:56:14] INFO [ecommerce_api.views:180] <QuerySet [<Orders: 9eef588c-8dc8-11e9-a4a0-80a58985686f>]>
[13-Jun-2019 10:56:14] INFO [ecommerce_api.views:189] {'item_id': '3', 'item_name': 'Mango', 'item_price': 200, 'item_image': '/media/item_image/mango_DIqMFdv.jpeg', 'count': 7}
[13-Jun-2019 10:56:14] INFO [ecommerce_api.views:193] {'status': 200, 'orders': [{'item_id': '3', 'item_name': 'Mango', 'item_price': 200, 'item_image': '/media/item_image/mango_DIqMFdv.jpeg', 'count': 7}]}
[13-Jun-2019 10:56:30] INFO [ecommerce_api.views:180] <QuerySet [<Orders: 9eef588c-8dc8-11e9-a4a0-80a58985686f>]>
[13-Jun-2019 10:56:30] INFO [ecommerce_api.views:189] {'item_id': '3', 'item_name': 'Mango', 'item_price': 200, 'item_image': '/media/item_image/mango_DIqMFdv.jpeg', 'count': 7}
[13-Jun-2019 10:56:30] INFO [ecommerce_api.views:193] {'status': 200, 'orders': [{'item_id': '3', 'item_name': 'Mango', 'item_price': 200, 'item_image': '/media/item_image/mango_DIqMFdv.jpeg', 'count': 7}]}
[13-Jun-2019 10:59:50] INFO [ecommerce_api.views:150] <QuerySet [{'order_id': '485cd5f2-8db5-11e9-a4a0-80a58985686f', 'price': 300, 'date': datetime.date(2019, 6, 13)}, {'order_id': 'e6e5f8e8-8dbf-11e9-a4a0-80a58985686f', 'price': 800, 'date': datetime.date(2019, 6, 13)}, {'order_id': '578c88b4-8dc0-11e9-a4a0-80a58985686f', 'price': 1350, 'date': datetime.date(2019, 6, 13)}, {'order_id': 'f8e2f9aa-8dc0-11e9-a4a0-80a58985686f', 'price': 800, 'date': datetime.date(2019, 6, 13)}, {'order_id': '5e93227a-8dc1-11e9-a4a0-80a58985686f', 'price': 300, 'date': datetime.date(2019, 6, 13)}, {'order_id': 'cb65d64a-8dc1-11e9-a4a0-80a58985686f', 'price': 900, 'date': datetime.date(2019, 6, 13)}, {'order_id': '9eef588c-8dc8-11e9-a4a0-80a58985686f', 'price': 1400, 'date': datetime.date(2019, 6, 13)}, {'order_id': '9aa05aa0-8dc9-11e9-a4a0-80a58985686f', 'price': 600, 'date': datetime.date(2019, 6, 13)}, {'order_id': 'd4796168-8dc9-11e9-a4a0-80a58985686f', 'price': 300, 'date': datetime.date(2019, 6, 13)}]>
[13-Jun-2019 10:59:55] INFO [ecommerce_api.views:180] <QuerySet [<Orders: 485cd5f2-8db5-11e9-a4a0-80a58985686f>]>
[13-Jun-2019 10:59:55] INFO [ecommerce_api.views:189] {'item_id': '2', 'item_name': 'Mango', 'item_price': 150, 'item_image': '/media/item_image/mango.jpeg', 'count': 2}
[13-Jun-2019 10:59:55] INFO [ecommerce_api.views:193] {'status': 200, 'orders': [{'item_id': '2', 'item_name': 'Mango', 'item_price': 150, 'item_image': '/media/item_image/mango.jpeg', 'count': 2}]}
[13-Jun-2019 11:07:56] INFO [ecommerce_api.views:150] <QuerySet [{'order_id': '485cd5f2-8db5-11e9-a4a0-80a58985686f', 'price': 300, 'date': datetime.date(2019, 6, 13)}, {'order_id': 'e6e5f8e8-8dbf-11e9-a4a0-80a58985686f', 'price': 800, 'date': datetime.date(2019, 6, 13)}, {'order_id': '578c88b4-8dc0-11e9-a4a0-80a58985686f', 'price': 1350, 'date': datetime.date(2019, 6, 13)}, {'order_id': 'f8e2f9aa-8dc0-11e9-a4a0-80a58985686f', 'price': 800, 'date': datetime.date(2019, 6, 13)}, {'order_id': '5e93227a-8dc1-11e9-a4a0-80a58985686f', 'price': 300, 'date': datetime.date(2019, 6, 13)}, {'order_id': 'cb65d64a-8dc1-11e9-a4a0-80a58985686f', 'price': 900, 'date': datetime.date(2019, 6, 13)}, {'order_id': '9eef588c-8dc8-11e9-a4a0-80a58985686f', 'price': 1400, 'date': datetime.date(2019, 6, 13)}, {'order_id': '9aa05aa0-8dc9-11e9-a4a0-80a58985686f', 'price': 600, 'date': datetime.date(2019, 6, 13)}, {'order_id': 'd4796168-8dc9-11e9-a4a0-80a58985686f', 'price': 300, 'date': datetime.date(2019, 6, 13)}]>
[13-Jun-2019 11:07:58] INFO [ecommerce_api.views:180] <QuerySet [<Orders: 485cd5f2-8db5-11e9-a4a0-80a58985686f>]>
[13-Jun-2019 11:07:58] INFO [ecommerce_api.views:189] {'item_id': '2', 'item_name': 'Mango', 'item_price': 150, 'item_image': '/media/item_image/mango.jpeg', 'count': 2}
[13-Jun-2019 11:07:58] INFO [ecommerce_api.views:193] {'status': 200, 'orders': [{'item_id': '2', 'item_name': 'Mango', 'item_price': 150, 'item_image': '/media/item_image/mango.jpeg', 'count': 2}]}
[13-Jun-2019 11:11:31] INFO [ecommerce_api.views:150] <QuerySet [{'order_id': '485cd5f2-8db5-11e9-a4a0-80a58985686f', 'price': 300, 'date': datetime.date(2019, 6, 13)}, {'order_id': 'e6e5f8e8-8dbf-11e9-a4a0-80a58985686f', 'price': 800, 'date': datetime.date(2019, 6, 13)}, {'order_id': '578c88b4-8dc0-11e9-a4a0-80a58985686f', 'price': 1350, 'date': datetime.date(2019, 6, 13)}, {'order_id': 'f8e2f9aa-8dc0-11e9-a4a0-80a58985686f', 'price': 800, 'date': datetime.date(2019, 6, 13)}, {'order_id': '5e93227a-8dc1-11e9-a4a0-80a58985686f', 'price': 300, 'date': datetime.date(2019, 6, 13)}, {'order_id': 'cb65d64a-8dc1-11e9-a4a0-80a58985686f', 'price': 900, 'date': datetime.date(2019, 6, 13)}, {'order_id': '9eef588c-8dc8-11e9-a4a0-80a58985686f', 'price': 1400, 'date': datetime.date(2019, 6, 13)}, {'order_id': '9aa05aa0-8dc9-11e9-a4a0-80a58985686f', 'price': 600, 'date': datetime.date(2019, 6, 13)}, {'order_id': 'd4796168-8dc9-11e9-a4a0-80a58985686f', 'price': 300, 'date': datetime.date(2019, 6, 13)}]>
[13-Jun-2019 11:11:32] INFO [ecommerce_api.views:180] <QuerySet [<Orders: 485cd5f2-8db5-11e9-a4a0-80a58985686f>]>
[13-Jun-2019 11:11:32] INFO [ecommerce_api.views:189] {'item_id': '2', 'item_name': 'Mango', 'item_price': 150, 'item_image': '/media/item_image/mango.jpeg', 'count': 2}
[13-Jun-2019 11:11:32] INFO [ecommerce_api.views:193] {'status': 200, 'orders': [{'item_id': '2', 'item_name': 'Mango', 'item_price': 150, 'item_image': '/media/item_image/mango.jpeg', 'count': 2}]}
[13-Jun-2019 11:24:05] INFO [ecommerce_api.views:150] <QuerySet [{'order_id': '485cd5f2-8db5-11e9-a4a0-80a58985686f', 'price': 300, 'date': datetime.date(2019, 6, 13)}, {'order_id': 'e6e5f8e8-8dbf-11e9-a4a0-80a58985686f', 'price': 800, 'date': datetime.date(2019, 6, 13)}, {'order_id': '578c88b4-8dc0-11e9-a4a0-80a58985686f', 'price': 1350, 'date': datetime.date(2019, 6, 13)}, {'order_id': 'f8e2f9aa-8dc0-11e9-a4a0-80a58985686f', 'price': 800, 'date': datetime.date(2019, 6, 13)}, {'order_id': '5e93227a-8dc1-11e9-a4a0-80a58985686f', 'price': 300, 'date': datetime.date(2019, 6, 13)}, {'order_id': 'cb65d64a-8dc1-11e9-a4a0-80a58985686f', 'price': 900, 'date': datetime.date(2019, 6, 13)}, {'order_id': '9eef588c-8dc8-11e9-a4a0-80a58985686f', 'price': 1400, 'date': datetime.date(2019, 6, 13)}, {'order_id': '9aa05aa0-8dc9-11e9-a4a0-80a58985686f', 'price': 600, 'date': datetime.date(2019, 6, 13)}, {'order_id': 'd4796168-8dc9-11e9-a4a0-80a58985686f', 'price': 300, 'date': datetime.date(2019, 6, 13)}]>
[13-Jun-2019 11:24:08] INFO [ecommerce_api.views:180] <QuerySet [<Orders: 485cd5f2-8db5-11e9-a4a0-80a58985686f>]>
[13-Jun-2019 11:24:08] INFO [ecommerce_api.views:189] {'item_id': '2', 'item_name': 'Mango', 'item_price': 150, 'item_image': '/media/item_image/mango.jpeg', 'count': 2}
[13-Jun-2019 11:24:08] INFO [ecommerce_api.views:193] {'status': 200, 'orders': [{'item_id': '2', 'item_name': 'Mango', 'item_price': 150, 'item_image': '/media/item_image/mango.jpeg', 'count': 2}]}
[13-Jun-2019 11:24:19] INFO [ecommerce_api.views:180] <QuerySet [<Orders: 485cd5f2-8db5-11e9-a4a0-80a58985686f>]>
[13-Jun-2019 11:24:19] INFO [ecommerce_api.views:189] {'item_id': '2', 'item_name': 'Mango', 'item_price': 150, 'item_image': '/media/item_image/mango.jpeg', 'count': 2}
[13-Jun-2019 11:24:19] INFO [ecommerce_api.views:193] {'status': 200, 'orders': [{'item_id': '2', 'item_name': 'Mango', 'item_price': 150, 'item_image': '/media/item_image/mango.jpeg', 'count': 2}]}
[13-Jun-2019 11:25:28] INFO [ecommerce_api.views:180] <QuerySet [<Orders: d4796168-8dc9-11e9-a4a0-80a58985686f>]>
[13-Jun-2019 11:25:28] INFO [ecommerce_api.views:189] {'item_id': '2', 'item_name': 'Mango', 'item_price': 150, 'item_image': '/media/item_image/mango.jpeg', 'count': 2}
[13-Jun-2019 11:25:28] INFO [ecommerce_api.views:193] {'status': 200, 'orders': [{'item_id': '2', 'item_name': 'Mango', 'item_price': 150, 'item_image': '/media/item_image/mango.jpeg', 'count': 2}]}
[13-Jun-2019 11:28:39] INFO [ecommerce_api.views:150] <QuerySet [{'order_id': '485cd5f2-8db5-11e9-a4a0-80a58985686f', 'price': 300, 'date': datetime.date(2019, 6, 13)}, {'order_id': 'e6e5f8e8-8dbf-11e9-a4a0-80a58985686f', 'price': 800, 'date': datetime.date(2019, 6, 13)}, {'order_id': '578c88b4-8dc0-11e9-a4a0-80a58985686f', 'price': 1350, 'date': datetime.date(2019, 6, 13)}, {'order_id': 'f8e2f9aa-8dc0-11e9-a4a0-80a58985686f', 'price': 800, 'date': datetime.date(2019, 6, 13)}, {'order_id': '5e93227a-8dc1-11e9-a4a0-80a58985686f', 'price': 300, 'date': datetime.date(2019, 6, 13)}, {'order_id': 'cb65d64a-8dc1-11e9-a4a0-80a58985686f', 'price': 900, 'date': datetime.date(2019, 6, 13)}, {'order_id': '9eef588c-8dc8-11e9-a4a0-80a58985686f', 'price': 1400, 'date': datetime.date(2019, 6, 13)}, {'order_id': '9aa05aa0-8dc9-11e9-a4a0-80a58985686f', 'price': 600, 'date': datetime.date(2019, 6, 13)}, {'order_id': 'd4796168-8dc9-11e9-a4a0-80a58985686f', 'price': 300, 'date': datetime.date(2019, 6, 13)}]>
[13-Jun-2019 11:28:40] INFO [ecommerce_api.views:180] <QuerySet [<Orders: 485cd5f2-8db5-11e9-a4a0-80a58985686f>]>
[13-Jun-2019 11:28:40] INFO [ecommerce_api.views:189] {'item_id': '2', 'item_name': 'Mango', 'item_price': 150, 'item_image': '/media/item_image/mango.jpeg', 'count': 2}
[13-Jun-2019 11:28:40] INFO [ecommerce_api.views:193] {'status': 200, 'orders': [{'item_id': '2', 'item_name': 'Mango', 'item_price': 150, 'item_image': '/media/item_image/mango.jpeg', 'count': 2}]}
[13-Jun-2019 11:30:39] INFO [ecommerce_api.views:150] <QuerySet [{'order_id': '485cd5f2-8db5-11e9-a4a0-80a58985686f', 'price': 300, 'date': datetime.date(2019, 6, 13)}, {'order_id': 'e6e5f8e8-8dbf-11e9-a4a0-80a58985686f', 'price': 800, 'date': datetime.date(2019, 6, 13)}, {'order_id': '578c88b4-8dc0-11e9-a4a0-80a58985686f', 'price': 1350, 'date': datetime.date(2019, 6, 13)}, {'order_id': 'f8e2f9aa-8dc0-11e9-a4a0-80a58985686f', 'price': 800, 'date': datetime.date(2019, 6, 13)}, {'order_id': '5e93227a-8dc1-11e9-a4a0-80a58985686f', 'price': 300, 'date': datetime.date(2019, 6, 13)}, {'order_id': 'cb65d64a-8dc1-11e9-a4a0-80a58985686f', 'price': 900, 'date': datetime.date(2019, 6, 13)}, {'order_id': '9eef588c-8dc8-11e9-a4a0-80a58985686f', 'price': 1400, 'date': datetime.date(2019, 6, 13)}, {'order_id': '9aa05aa0-8dc9-11e9-a4a0-80a58985686f', 'price': 600, 'date': datetime.date(2019, 6, 13)}, {'order_id': 'd4796168-8dc9-11e9-a4a0-80a58985686f', 'price': 300, 'date': datetime.date(2019, 6, 13)}]>
[13-Jun-2019 11:30:41] INFO [ecommerce_api.views:180] <QuerySet [<Orders: e6e5f8e8-8dbf-11e9-a4a0-80a58985686f>]>
[13-Jun-2019 11:30:41] INFO [ecommerce_api.views:189] {'item_id': '3', 'item_name': 'Mango', 'item_price': 200, 'item_image': '/media/item_image/mango_DIqMFdv.jpeg', 'count': 4}
[13-Jun-2019 11:30:41] INFO [ecommerce_api.views:193] {'status': 200, 'orders': [{'item_id': '3', 'item_name': 'Mango', 'item_price': 200, 'item_image': '/media/item_image/mango_DIqMFdv.jpeg', 'count': 4}]}
[13-Jun-2019 11:42:18] INFO [ecommerce_api.views:150] <QuerySet [{'order_id': '485cd5f2-8db5-11e9-a4a0-80a58985686f', 'price': 300, 'date': datetime.date(2019, 6, 13)}, {'order_id': 'e6e5f8e8-8dbf-11e9-a4a0-80a58985686f', 'price': 800, 'date': datetime.date(2019, 6, 13)}, {'order_id': '578c88b4-8dc0-11e9-a4a0-80a58985686f', 'price': 1350, 'date': datetime.date(2019, 6, 13)}, {'order_id': 'f8e2f9aa-8dc0-11e9-a4a0-80a58985686f', 'price': 800, 'date': datetime.date(2019, 6, 13)}, {'order_id': '5e93227a-8dc1-11e9-a4a0-80a58985686f', 'price': 300, 'date': datetime.date(2019, 6, 13)}, {'order_id': 'cb65d64a-8dc1-11e9-a4a0-80a58985686f', 'price': 900, 'date': datetime.date(2019, 6, 13)}, {'order_id': '9eef588c-8dc8-11e9-a4a0-80a58985686f', 'price': 1400, 'date': datetime.date(2019, 6, 13)}, {'order_id': '9aa05aa0-8dc9-11e9-a4a0-80a58985686f', 'price': 600, 'date': datetime.date(2019, 6, 13)}, {'order_id': 'd4796168-8dc9-11e9-a4a0-80a58985686f', 'price': 300, 'date': datetime.date(2019, 6, 13)}]>
[13-Jun-2019 11:42:21] INFO [ecommerce_api.views:180] <QuerySet [<Orders: e6e5f8e8-8dbf-11e9-a4a0-80a58985686f>]>
[13-Jun-2019 11:42:21] INFO [ecommerce_api.views:189] {'item_id': '3', 'item_name': 'Mango', 'item_price': 200, 'item_image': '/media/item_image/mango_DIqMFdv.jpeg', 'count': 4}
[13-Jun-2019 11:42:21] INFO [ecommerce_api.views:193] {'status': 200, 'orders': [{'item_id': '3', 'item_name': 'Mango', 'item_price': 200, 'item_image': '/media/item_image/mango_DIqMFdv.jpeg', 'count': 4}]}
[13-Jun-2019 11:44:10] INFO [ecommerce_api.views:180] <QuerySet [<Orders: e6e5f8e8-8dbf-11e9-a4a0-80a58985686f>]>
[13-Jun-2019 11:44:10] INFO [ecommerce_api.views:189] {'item_id': '3', 'item_name': 'Mango', 'item_price': 200, 'item_image': '/media/item_image/mango_DIqMFdv.jpeg', 'count': 4}
[13-Jun-2019 11:44:10] INFO [ecommerce_api.views:193] {'status': 200, 'orders': [{'item_id': '3', 'item_name': 'Mango', 'item_price': 200, 'item_image': '/media/item_image/mango_DIqMFdv.jpeg', 'count': 4}]}
[13-Jun-2019 11:44:14] INFO [ecommerce_api.views:180] <QuerySet [<Orders: cb65d64a-8dc1-11e9-a4a0-80a58985686f>]>
[13-Jun-2019 11:44:14] INFO [ecommerce_api.views:189] {'item_id': '2', 'item_name': 'Mango', 'item_price': 150, 'item_image': '/media/item_image/mango.jpeg', 'count': 6}
[13-Jun-2019 11:44:14] INFO [ecommerce_api.views:193] {'status': 200, 'orders': [{'item_id': '2', 'item_name': 'Mango', 'item_price': 150, 'item_image': '/media/item_image/mango.jpeg', 'count': 6}]}
[13-Jun-2019 11:44:17] INFO [ecommerce_api.views:180] <QuerySet [<Orders: d4796168-8dc9-11e9-a4a0-80a58985686f>]>
[13-Jun-2019 11:44:17] INFO [ecommerce_api.views:189] {'item_id': '2', 'item_name': 'Mango', 'item_price': 150, 'item_image': '/media/item_image/mango.jpeg', 'count': 2}
[13-Jun-2019 11:44:17] INFO [ecommerce_api.views:193] {'status': 200, 'orders': [{'item_id': '2', 'item_name': 'Mango', 'item_price': 150, 'item_image': '/media/item_image/mango.jpeg', 'count': 2}]}
[13-Jun-2019 11:44:21] INFO [ecommerce_api.views:180] <QuerySet [<Orders: 485cd5f2-8db5-11e9-a4a0-80a58985686f>]>
[13-Jun-2019 11:44:21] INFO [ecommerce_api.views:189] {'item_id': '2', 'item_name': 'Mango', 'item_price': 150, 'item_image': '/media/item_image/mango.jpeg', 'count': 2}
[13-Jun-2019 11:44:21] INFO [ecommerce_api.views:193] {'status': 200, 'orders': [{'item_id': '2', 'item_name': 'Mango', 'item_price': 150, 'item_image': '/media/item_image/mango.jpeg', 'count': 2}]}
[13-Jun-2019 11:44:25] INFO [ecommerce_api.views:180] <QuerySet [<Orders: 9eef588c-8dc8-11e9-a4a0-80a58985686f>]>
[13-Jun-2019 11:44:25] INFO [ecommerce_api.views:189] {'item_id': '3', 'item_name': 'Mango', 'item_price': 200, 'item_image': '/media/item_image/mango_DIqMFdv.jpeg', 'count': 7}
[13-Jun-2019 11:44:25] INFO [ecommerce_api.views:193] {'status': 200, 'orders': [{'item_id': '3', 'item_name': 'Mango', 'item_price': 200, 'item_image': '/media/item_image/mango_DIqMFdv.jpeg', 'count': 7}]}
[13-Jun-2019 11:44:27] INFO [ecommerce_api.views:180] <QuerySet [<Orders: d4796168-8dc9-11e9-a4a0-80a58985686f>]>
[13-Jun-2019 11:44:27] INFO [ecommerce_api.views:189] {'item_id': '2', 'item_name': 'Mango', 'item_price': 150, 'item_image': '/media/item_image/mango.jpeg', 'count': 2}
[13-Jun-2019 11:44:27] INFO [ecommerce_api.views:193] {'status': 200, 'orders': [{'item_id': '2', 'item_name': 'Mango', 'item_price': 150, 'item_image': '/media/item_image/mango.jpeg', 'count': 2}]}
[13-Jun-2019 11:46:18] INFO [ecommerce_api.views:150] <QuerySet [{'order_id': '485cd5f2-8db5-11e9-a4a0-80a58985686f', 'price': 300, 'date': datetime.date(2019, 6, 13)}, {'order_id': 'e6e5f8e8-8dbf-11e9-a4a0-80a58985686f', 'price': 800, 'date': datetime.date(2019, 6, 13)}, {'order_id': '578c88b4-8dc0-11e9-a4a0-80a58985686f', 'price': 1350, 'date': datetime.date(2019, 6, 13)}, {'order_id': 'f8e2f9aa-8dc0-11e9-a4a0-80a58985686f', 'price': 800, 'date': datetime.date(2019, 6, 13)}, {'order_id': '5e93227a-8dc1-11e9-a4a0-80a58985686f', 'price': 300, 'date': datetime.date(2019, 6, 13)}, {'order_id': 'cb65d64a-8dc1-11e9-a4a0-80a58985686f', 'price': 900, 'date': datetime.date(2019, 6, 13)}, {'order_id': '9eef588c-8dc8-11e9-a4a0-80a58985686f', 'price': 1400, 'date': datetime.date(2019, 6, 13)}, {'order_id': '9aa05aa0-8dc9-11e9-a4a0-80a58985686f', 'price': 600, 'date': datetime.date(2019, 6, 13)}, {'order_id': 'd4796168-8dc9-11e9-a4a0-80a58985686f', 'price': 300, 'date': datetime.date(2019, 6, 13)}]>
[13-Jun-2019 11:46:19] INFO [ecommerce_api.views:180] <QuerySet [<Orders: e6e5f8e8-8dbf-11e9-a4a0-80a58985686f>]>
[13-Jun-2019 11:46:19] INFO [ecommerce_api.views:189] {'item_id': '3', 'item_name': 'Mango', 'item_price': 200, 'item_image': '/media/item_image/mango_DIqMFdv.jpeg', 'count': 4}
[13-Jun-2019 11:46:19] INFO [ecommerce_api.views:193] {'status': 200, 'orders': [{'item_id': '3', 'item_name': 'Mango', 'item_price': 200, 'item_image': '/media/item_image/mango_DIqMFdv.jpeg', 'count': 4}]}
[13-Jun-2019 11:46:25] INFO [ecommerce_api.views:180] <QuerySet [<Orders: 485cd5f2-8db5-11e9-a4a0-80a58985686f>]>
[13-Jun-2019 11:46:25] INFO [ecommerce_api.views:189] {'item_id': '2', 'item_name': 'Mango', 'item_price': 150, 'item_image': '/media/item_image/mango.jpeg', 'count': 2}
[13-Jun-2019 11:46:25] INFO [ecommerce_api.views:193] {'status': 200, 'orders': [{'item_id': '2', 'item_name': 'Mango', 'item_price': 150, 'item_image': '/media/item_image/mango.jpeg', 'count': 2}]}
[13-Jun-2019 11:46:28] INFO [ecommerce_api.views:180] <QuerySet [<Orders: 485cd5f2-8db5-11e9-a4a0-80a58985686f>]>
[13-Jun-2019 11:46:28] INFO [ecommerce_api.views:189] {'item_id': '2', 'item_name': 'Mango', 'item_price': 150, 'item_image': '/media/item_image/mango.jpeg', 'count': 2}
[13-Jun-2019 11:46:28] INFO [ecommerce_api.views:193] {'status': 200, 'orders': [{'item_id': '2', 'item_name': 'Mango', 'item_price': 150, 'item_image': '/media/item_image/mango.jpeg', 'count': 2}]}
[13-Jun-2019 11:46:31] INFO [ecommerce_api.views:180] <QuerySet [<Orders: f8e2f9aa-8dc0-11e9-a4a0-80a58985686f>]>
[13-Jun-2019 11:46:31] INFO [ecommerce_api.views:189] {'item_id': '3', 'item_name': 'Mango', 'item_price': 200, 'item_image': '/media/item_image/mango_DIqMFdv.jpeg', 'count': 4}
[13-Jun-2019 11:46:31] INFO [ecommerce_api.views:193] {'status': 200, 'orders': [{'item_id': '3', 'item_name': 'Mango', 'item_price': 200, 'item_image': '/media/item_image/mango_DIqMFdv.jpeg', 'count': 4}]}
[13-Jun-2019 11:46:53] INFO [ecommerce_api.views:180] <QuerySet [<Orders: f8e2f9aa-8dc0-11e9-a4a0-80a58985686f>]>
[13-Jun-2019 11:46:53] INFO [ecommerce_api.views:189] {'item_id': '3', 'item_name': 'Mango', 'item_price': 200, 'item_image': '/media/item_image/mango_DIqMFdv.jpeg', 'count': 4}
[13-Jun-2019 11:46:54] INFO [ecommerce_api.views:193] {'status': 200, 'orders': [{'item_id': '3', 'item_name': 'Mango', 'item_price': 200, 'item_image': '/media/item_image/mango_DIqMFdv.jpeg', 'count': 4}]}
[13-Jun-2019 11:47:50] INFO [ecommerce_api.views:150] <QuerySet [{'order_id': '485cd5f2-8db5-11e9-a4a0-80a58985686f', 'price': 300, 'date': datetime.date(2019, 6, 13)}, {'order_id': 'e6e5f8e8-8dbf-11e9-a4a0-80a58985686f', 'price': 800, 'date': datetime.date(2019, 6, 13)}, {'order_id': '578c88b4-8dc0-11e9-a4a0-80a58985686f', 'price': 1350, 'date': datetime.date(2019, 6, 13)}, {'order_id': 'f8e2f9aa-8dc0-11e9-a4a0-80a58985686f', 'price': 800, 'date': datetime.date(2019, 6, 13)}, {'order_id': '5e93227a-8dc1-11e9-a4a0-80a58985686f', 'price': 300, 'date': datetime.date(2019, 6, 13)}, {'order_id': 'cb65d64a-8dc1-11e9-a4a0-80a58985686f', 'price': 900, 'date': datetime.date(2019, 6, 13)}, {'order_id': '9eef588c-8dc8-11e9-a4a0-80a58985686f', 'price': 1400, 'date': datetime.date(2019, 6, 13)}, {'order_id': '9aa05aa0-8dc9-11e9-a4a0-80a58985686f', 'price': 600, 'date': datetime.date(2019, 6, 13)}, {'order_id': 'd4796168-8dc9-11e9-a4a0-80a58985686f', 'price': 300, 'date': datetime.date(2019, 6, 13)}]>
[13-Jun-2019 11:48:49] ERROR [ecommerce_api.views:197] Error in GetFullOrders: 'order_id' at line no: 178
[13-Jun-2019 11:49:15] INFO [ecommerce_api.views:150] <QuerySet [{'order_id': '485cd5f2-8db5-11e9-a4a0-80a58985686f', 'price': 300, 'date': datetime.date(2019, 6, 13)}, {'order_id': 'e6e5f8e8-8dbf-11e9-a4a0-80a58985686f', 'price': 800, 'date': datetime.date(2019, 6, 13)}, {'order_id': '578c88b4-8dc0-11e9-a4a0-80a58985686f', 'price': 1350, 'date': datetime.date(2019, 6, 13)}, {'order_id': 'f8e2f9aa-8dc0-11e9-a4a0-80a58985686f', 'price': 800, 'date': datetime.date(2019, 6, 13)}, {'order_id': '5e93227a-8dc1-11e9-a4a0-80a58985686f', 'price': 300, 'date': datetime.date(2019, 6, 13)}, {'order_id': 'cb65d64a-8dc1-11e9-a4a0-80a58985686f', 'price': 900, 'date': datetime.date(2019, 6, 13)}, {'order_id': '9eef588c-8dc8-11e9-a4a0-80a58985686f', 'price': 1400, 'date': datetime.date(2019, 6, 13)}, {'order_id': '9aa05aa0-8dc9-11e9-a4a0-80a58985686f', 'price': 600, 'date': datetime.date(2019, 6, 13)}, {'order_id': 'd4796168-8dc9-11e9-a4a0-80a58985686f', 'price': 300, 'date': datetime.date(2019, 6, 13)}]>
[13-Jun-2019 11:49:17] INFO [ecommerce_api.views:180] <QuerySet [<Orders: 485cd5f2-8db5-11e9-a4a0-80a58985686f>]>
[13-Jun-2019 11:49:17] INFO [ecommerce_api.views:189] {'item_id': '2', 'item_name': 'Mango', 'item_price': 150, 'item_image': '/media/item_image/mango.jpeg', 'count': 2}
[13-Jun-2019 11:49:17] INFO [ecommerce_api.views:193] {'status': 200, 'orders': [{'item_id': '2', 'item_name': 'Mango', 'item_price': 150, 'item_image': '/media/item_image/mango.jpeg', 'count': 2}]}
[13-Jun-2019 11:49:49] INFO [ecommerce_api.views:150] <QuerySet [{'order_id': '485cd5f2-8db5-11e9-a4a0-80a58985686f', 'price': 300, 'date': datetime.date(2019, 6, 13)}, {'order_id': 'e6e5f8e8-8dbf-11e9-a4a0-80a58985686f', 'price': 800, 'date': datetime.date(2019, 6, 13)}, {'order_id': '578c88b4-8dc0-11e9-a4a0-80a58985686f', 'price': 1350, 'date': datetime.date(2019, 6, 13)}, {'order_id': 'f8e2f9aa-8dc0-11e9-a4a0-80a58985686f', 'price': 800, 'date': datetime.date(2019, 6, 13)}, {'order_id': '5e93227a-8dc1-11e9-a4a0-80a58985686f', 'price': 300, 'date': datetime.date(2019, 6, 13)}, {'order_id': 'cb65d64a-8dc1-11e9-a4a0-80a58985686f', 'price': 900, 'date': datetime.date(2019, 6, 13)}, {'order_id': '9eef588c-8dc8-11e9-a4a0-80a58985686f', 'price': 1400, 'date': datetime.date(2019, 6, 13)}, {'order_id': '9aa05aa0-8dc9-11e9-a4a0-80a58985686f', 'price': 600, 'date': datetime.date(2019, 6, 13)}, {'order_id': 'd4796168-8dc9-11e9-a4a0-80a58985686f', 'price': 300, 'date': datetime.date(2019, 6, 13)}]>
[13-Jun-2019 11:49:51] INFO [ecommerce_api.views:180] <QuerySet [<Orders: 485cd5f2-8db5-11e9-a4a0-80a58985686f>]>
[13-Jun-2019 11:49:51] INFO [ecommerce_api.views:189] {'item_id': '2', 'item_name': 'Mango', 'item_price': 150, 'item_image': '/media/item_image/mango.jpeg', 'count': 2}
[13-Jun-2019 11:49:51] INFO [ecommerce_api.views:193] {'status': 200, 'orders': [{'item_id': '2', 'item_name': 'Mango', 'item_price': 150, 'item_image': '/media/item_image/mango.jpeg', 'count': 2}]}
[13-Jun-2019 11:50:56] INFO [ecommerce_api.views:150] <QuerySet [{'order_id': '485cd5f2-8db5-11e9-a4a0-80a58985686f', 'price': 300, 'date': datetime.date(2019, 6, 13)}, {'order_id': 'e6e5f8e8-8dbf-11e9-a4a0-80a58985686f', 'price': 800, 'date': datetime.date(2019, 6, 13)}, {'order_id': '578c88b4-8dc0-11e9-a4a0-80a58985686f', 'price': 1350, 'date': datetime.date(2019, 6, 13)}, {'order_id': 'f8e2f9aa-8dc0-11e9-a4a0-80a58985686f', 'price': 800, 'date': datetime.date(2019, 6, 13)}, {'order_id': '5e93227a-8dc1-11e9-a4a0-80a58985686f', 'price': 300, 'date': datetime.date(2019, 6, 13)}, {'order_id': 'cb65d64a-8dc1-11e9-a4a0-80a58985686f', 'price': 900, 'date': datetime.date(2019, 6, 13)}, {'order_id': '9eef588c-8dc8-11e9-a4a0-80a58985686f', 'price': 1400, 'date': datetime.date(2019, 6, 13)}, {'order_id': '9aa05aa0-8dc9-11e9-a4a0-80a58985686f', 'price': 600, 'date': datetime.date(2019, 6, 13)}, {'order_id': 'd4796168-8dc9-11e9-a4a0-80a58985686f', 'price': 300, 'date': datetime.date(2019, 6, 13)}]>
[13-Jun-2019 11:50:58] INFO [ecommerce_api.views:180] <QuerySet [<Orders: 485cd5f2-8db5-11e9-a4a0-80a58985686f>]>
[13-Jun-2019 11:50:58] INFO [ecommerce_api.views:189] {'item_id': '2', 'item_name': 'Mango', 'item_price': 150, 'item_image': '/media/item_image/mango.jpeg', 'count': 2}
[13-Jun-2019 11:50:58] INFO [ecommerce_api.views:193] {'status': 200, 'orders': [{'item_id': '2', 'item_name': 'Mango', 'item_price': 150, 'item_image': '/media/item_image/mango.jpeg', 'count': 2}]}
[13-Jun-2019 11:52:05] INFO [ecommerce_api.views:150] <QuerySet [{'order_id': '485cd5f2-8db5-11e9-a4a0-80a58985686f', 'price': 300, 'date': datetime.date(2019, 6, 13)}, {'order_id': 'e6e5f8e8-8dbf-11e9-a4a0-80a58985686f', 'price': 800, 'date': datetime.date(2019, 6, 13)}, {'order_id': '578c88b4-8dc0-11e9-a4a0-80a58985686f', 'price': 1350, 'date': datetime.date(2019, 6, 13)}, {'order_id': 'f8e2f9aa-8dc0-11e9-a4a0-80a58985686f', 'price': 800, 'date': datetime.date(2019, 6, 13)}, {'order_id': '5e93227a-8dc1-11e9-a4a0-80a58985686f', 'price': 300, 'date': datetime.date(2019, 6, 13)}, {'order_id': 'cb65d64a-8dc1-11e9-a4a0-80a58985686f', 'price': 900, 'date': datetime.date(2019, 6, 13)}, {'order_id': '9eef588c-8dc8-11e9-a4a0-80a58985686f', 'price': 1400, 'date': datetime.date(2019, 6, 13)}, {'order_id': '9aa05aa0-8dc9-11e9-a4a0-80a58985686f', 'price': 600, 'date': datetime.date(2019, 6, 13)}, {'order_id': 'd4796168-8dc9-11e9-a4a0-80a58985686f', 'price': 300, 'date': datetime.date(2019, 6, 13)}]>
[13-Jun-2019 11:52:07] INFO [ecommerce_api.views:180] <QuerySet [<Orders: 485cd5f2-8db5-11e9-a4a0-80a58985686f>]>
[13-Jun-2019 11:52:07] INFO [ecommerce_api.views:189] {'item_id': '2', 'item_name': 'Mango', 'item_price': 150, 'item_image': '/media/item_image/mango.jpeg', 'count': 2}
[13-Jun-2019 11:52:07] INFO [ecommerce_api.views:193] {'status': 200, 'orders': [{'item_id': '2', 'item_name': 'Mango', 'item_price': 150, 'item_image': '/media/item_image/mango.jpeg', 'count': 2}]}
[13-Jun-2019 11:52:17] INFO [ecommerce_api.views:150] <QuerySet [{'order_id': '485cd5f2-8db5-11e9-a4a0-80a58985686f', 'price': 300, 'date': datetime.date(2019, 6, 13)}, {'order_id': 'e6e5f8e8-8dbf-11e9-a4a0-80a58985686f', 'price': 800, 'date': datetime.date(2019, 6, 13)}, {'order_id': '578c88b4-8dc0-11e9-a4a0-80a58985686f', 'price': 1350, 'date': datetime.date(2019, 6, 13)}, {'order_id': 'f8e2f9aa-8dc0-11e9-a4a0-80a58985686f', 'price': 800, 'date': datetime.date(2019, 6, 13)}, {'order_id': '5e93227a-8dc1-11e9-a4a0-80a58985686f', 'price': 300, 'date': datetime.date(2019, 6, 13)}, {'order_id': 'cb65d64a-8dc1-11e9-a4a0-80a58985686f', 'price': 900, 'date': datetime.date(2019, 6, 13)}, {'order_id': '9eef588c-8dc8-11e9-a4a0-80a58985686f', 'price': 1400, 'date': datetime.date(2019, 6, 13)}, {'order_id': '9aa05aa0-8dc9-11e9-a4a0-80a58985686f', 'price': 600, 'date': datetime.date(2019, 6, 13)}, {'order_id': 'd4796168-8dc9-11e9-a4a0-80a58985686f', 'price': 300, 'date': datetime.date(2019, 6, 13)}]>
[13-Jun-2019 11:52:18] INFO [ecommerce_api.views:180] <QuerySet [<Orders: e6e5f8e8-8dbf-11e9-a4a0-80a58985686f>]>
[13-Jun-2019 11:52:18] INFO [ecommerce_api.views:189] {'item_id': '3', 'item_name': 'Mango', 'item_price': 200, 'item_image': '/media/item_image/mango_DIqMFdv.jpeg', 'count': 4}
[13-Jun-2019 11:52:18] INFO [ecommerce_api.views:193] {'status': 200, 'orders': [{'item_id': '3', 'item_name': 'Mango', 'item_price': 200, 'item_image': '/media/item_image/mango_DIqMFdv.jpeg', 'count': 4}]}
[13-Jun-2019 11:55:04] INFO [ecommerce_api.views:150] <QuerySet [{'order_id': '485cd5f2-8db5-11e9-a4a0-80a58985686f', 'price': 300, 'date': datetime.date(2019, 6, 13)}, {'order_id': 'e6e5f8e8-8dbf-11e9-a4a0-80a58985686f', 'price': 800, 'date': datetime.date(2019, 6, 13)}, {'order_id': '578c88b4-8dc0-11e9-a4a0-80a58985686f', 'price': 1350, 'date': datetime.date(2019, 6, 13)}, {'order_id': 'f8e2f9aa-8dc0-11e9-a4a0-80a58985686f', 'price': 800, 'date': datetime.date(2019, 6, 13)}, {'order_id': '5e93227a-8dc1-11e9-a4a0-80a58985686f', 'price': 300, 'date': datetime.date(2019, 6, 13)}, {'order_id': 'cb65d64a-8dc1-11e9-a4a0-80a58985686f', 'price': 900, 'date': datetime.date(2019, 6, 13)}, {'order_id': '9eef588c-8dc8-11e9-a4a0-80a58985686f', 'price': 1400, 'date': datetime.date(2019, 6, 13)}, {'order_id': '9aa05aa0-8dc9-11e9-a4a0-80a58985686f', 'price': 600, 'date': datetime.date(2019, 6, 13)}, {'order_id': 'd4796168-8dc9-11e9-a4a0-80a58985686f', 'price': 300, 'date': datetime.date(2019, 6, 13)}]>
[13-Jun-2019 11:55:06] INFO [ecommerce_api.views:180] <QuerySet [<Orders: e6e5f8e8-8dbf-11e9-a4a0-80a58985686f>]>
[13-Jun-2019 11:55:06] INFO [ecommerce_api.views:189] {'item_id': '3', 'item_name': 'Mango', 'item_price': 200, 'item_image': '/media/item_image/mango_DIqMFdv.jpeg', 'count': 4}
[13-Jun-2019 11:55:06] INFO [ecommerce_api.views:193] {'status': 200, 'orders': [{'item_id': '3', 'item_name': 'Mango', 'item_price': 200, 'item_image': '/media/item_image/mango_DIqMFdv.jpeg', 'count': 4}]}
[13-Jun-2019 11:59:48] INFO [ecommerce_api.views:150] <QuerySet [{'order_id': '485cd5f2-8db5-11e9-a4a0-80a58985686f', 'price': 300, 'date': datetime.date(2019, 6, 13)}, {'order_id': 'e6e5f8e8-8dbf-11e9-a4a0-80a58985686f', 'price': 800, 'date': datetime.date(2019, 6, 13)}, {'order_id': '578c88b4-8dc0-11e9-a4a0-80a58985686f', 'price': 1350, 'date': datetime.date(2019, 6, 13)}, {'order_id': 'f8e2f9aa-8dc0-11e9-a4a0-80a58985686f', 'price': 800, 'date': datetime.date(2019, 6, 13)}, {'order_id': '5e93227a-8dc1-11e9-a4a0-80a58985686f', 'price': 300, 'date': datetime.date(2019, 6, 13)}, {'order_id': 'cb65d64a-8dc1-11e9-a4a0-80a58985686f', 'price': 900, 'date': datetime.date(2019, 6, 13)}, {'order_id': '9eef588c-8dc8-11e9-a4a0-80a58985686f', 'price': 1400, 'date': datetime.date(2019, 6, 13)}, {'order_id': '9aa05aa0-8dc9-11e9-a4a0-80a58985686f', 'price': 600, 'date': datetime.date(2019, 6, 13)}, {'order_id': 'd4796168-8dc9-11e9-a4a0-80a58985686f', 'price': 300, 'date': datetime.date(2019, 6, 13)}]>
[13-Jun-2019 11:59:49] INFO [ecommerce_api.views:180] <QuerySet [<Orders: 485cd5f2-8db5-11e9-a4a0-80a58985686f>]>
[13-Jun-2019 11:59:49] INFO [ecommerce_api.views:189] {'item_id': '2', 'item_name': 'Mango', 'item_price': 150, 'item_image': '/media/item_image/mango.jpeg', 'count': 2}
[13-Jun-2019 11:59:49] INFO [ecommerce_api.views:193] {'status': 200, 'orders': [{'item_id': '2', 'item_name': 'Mango', 'item_price': 150, 'item_image': '/media/item_image/mango.jpeg', 'count': 2}]}
[13-Jun-2019 12:01:22] INFO [ecommerce_api.views:180] <QuerySet [<Orders: e6e5f8e8-8dbf-11e9-a4a0-80a58985686f>]>
[13-Jun-2019 12:01:22] INFO [ecommerce_api.views:189] {'item_id': '3', 'item_name': 'Mango', 'item_price': 200, 'item_image': '/media/item_image/mango_DIqMFdv.jpeg', 'count': 4}
[13-Jun-2019 12:01:22] INFO [ecommerce_api.views:193] {'status': 200, 'orders': [{'item_id': '3', 'item_name': 'Mango', 'item_price': 200, 'item_image': '/media/item_image/mango_DIqMFdv.jpeg', 'count': 4}]}
[13-Jun-2019 12:01:24] INFO [ecommerce_api.views:180] <QuerySet [<Orders: e6e5f8e8-8dbf-11e9-a4a0-80a58985686f>]>
[13-Jun-2019 12:01:24] INFO [ecommerce_api.views:189] {'item_id': '3', 'item_name': 'Mango', 'item_price': 200, 'item_image': '/media/item_image/mango_DIqMFdv.jpeg', 'count': 4}
[13-Jun-2019 12:01:24] INFO [ecommerce_api.views:193] {'status': 200, 'orders': [{'item_id': '3', 'item_name': 'Mango', 'item_price': 200, 'item_image': '/media/item_image/mango_DIqMFdv.jpeg', 'count': 4}]}
[13-Jun-2019 12:01:26] INFO [ecommerce_api.views:180] <QuerySet [<Orders: e6e5f8e8-8dbf-11e9-a4a0-80a58985686f>]>
[13-Jun-2019 12:01:26] INFO [ecommerce_api.views:189] {'item_id': '3', 'item_name': 'Mango', 'item_price': 200, 'item_image': '/media/item_image/mango_DIqMFdv.jpeg', 'count': 4}
[13-Jun-2019 12:01:26] INFO [ecommerce_api.views:193] {'status': 200, 'orders': [{'item_id': '3', 'item_name': 'Mango', 'item_price': 200, 'item_image': '/media/item_image/mango_DIqMFdv.jpeg', 'count': 4}]}
[13-Jun-2019 12:01:29] INFO [ecommerce_api.views:180] <QuerySet [<Orders: e6e5f8e8-8dbf-11e9-a4a0-80a58985686f>]>
[13-Jun-2019 12:01:29] INFO [ecommerce_api.views:189] {'item_id': '3', 'item_name': 'Mango', 'item_price': 200, 'item_image': '/media/item_image/mango_DIqMFdv.jpeg', 'count': 4}
[13-Jun-2019 12:01:29] INFO [ecommerce_api.views:193] {'status': 200, 'orders': [{'item_id': '3', 'item_name': 'Mango', 'item_price': 200, 'item_image': '/media/item_image/mango_DIqMFdv.jpeg', 'count': 4}]}
[13-Jun-2019 12:09:53] INFO [ecommerce_api.views:150] <QuerySet [{'order_id': '485cd5f2-8db5-11e9-a4a0-80a58985686f', 'price': 300, 'date': datetime.date(2019, 6, 13)}, {'order_id': 'e6e5f8e8-8dbf-11e9-a4a0-80a58985686f', 'price': 800, 'date': datetime.date(2019, 6, 13)}, {'order_id': '578c88b4-8dc0-11e9-a4a0-80a58985686f', 'price': 1350, 'date': datetime.date(2019, 6, 13)}, {'order_id': 'f8e2f9aa-8dc0-11e9-a4a0-80a58985686f', 'price': 800, 'date': datetime.date(2019, 6, 13)}, {'order_id': '5e93227a-8dc1-11e9-a4a0-80a58985686f', 'price': 300, 'date': datetime.date(2019, 6, 13)}, {'order_id': 'cb65d64a-8dc1-11e9-a4a0-80a58985686f', 'price': 900, 'date': datetime.date(2019, 6, 13)}, {'order_id': '9eef588c-8dc8-11e9-a4a0-80a58985686f', 'price': 1400, 'date': datetime.date(2019, 6, 13)}, {'order_id': '9aa05aa0-8dc9-11e9-a4a0-80a58985686f', 'price': 600, 'date': datetime.date(2019, 6, 13)}, {'order_id': 'd4796168-8dc9-11e9-a4a0-80a58985686f', 'price': 300, 'date': datetime.date(2019, 6, 13)}]>
[13-Jun-2019 13:04:12] INFO [ecommerce_api.views:150] <QuerySet [{'order_id': '485cd5f2-8db5-11e9-a4a0-80a58985686f', 'price': 300, 'date': datetime.date(2019, 6, 13)}, {'order_id': 'e6e5f8e8-8dbf-11e9-a4a0-80a58985686f', 'price': 800, 'date': datetime.date(2019, 6, 13)}, {'order_id': '578c88b4-8dc0-11e9-a4a0-80a58985686f', 'price': 1350, 'date': datetime.date(2019, 6, 13)}, {'order_id': 'f8e2f9aa-8dc0-11e9-a4a0-80a58985686f', 'price': 800, 'date': datetime.date(2019, 6, 13)}, {'order_id': '5e93227a-8dc1-11e9-a4a0-80a58985686f', 'price': 300, 'date': datetime.date(2019, 6, 13)}, {'order_id': 'cb65d64a-8dc1-11e9-a4a0-80a58985686f', 'price': 900, 'date': datetime.date(2019, 6, 13)}, {'order_id': '9eef588c-8dc8-11e9-a4a0-80a58985686f', 'price': 1400, 'date': datetime.date(2019, 6, 13)}, {'order_id': '9aa05aa0-8dc9-11e9-a4a0-80a58985686f', 'price': 600, 'date': datetime.date(2019, 6, 13)}, {'order_id': 'd4796168-8dc9-11e9-a4a0-80a58985686f', 'price': 300, 'date': datetime.date(2019, 6, 13)}]>
